<?xml version="1.0" encoding="UTF-8"?>
<!-- Generated by org.testng.reporters.JUnitXMLReporter -->
<testsuite ignored="0" hostname="Rithesh" failures="1" tests="5" name="Test" time="10.908" errors="0" timestamp="2025-12-07T15:31:03 IST">
  <testcase classname="basetest.MainClass3" name="loginTest" time="2.671"/>
  <testcase classname="basetest.MainClass3" name="homeTest" time="0.011">
    <skipped/>
  </testcase> <!-- homeTest -->
  <testcase classname="basetest.MainClass3" name="homeTest" time="0.002">
    <skipped/>
  </testcase> <!-- homeTest -->
  <testcase classname="basetest.MainClass3" name="homeTest" time="0.003">
    <skipped/>
  </testcase> <!-- homeTest -->
  <testcase classname="basetest.MainClass3" name="homeTest" time="0.009">
    <failure type="java.lang.AssertionError" message="expected [true] but found [false]">
      <![CDATA[java.lang.AssertionError: expected [true] but found [false]
at pages.HomePage.homepage(HomePage.java:9)
at basetest.MainClass3.homeTest(MainClass3.java:37)
at java.base/java.util.concurrent.ThreadPoolExecutor.runWorker(ThreadPoolExecutor.java:1144)
at java.base/java.util.concurrent.ThreadPoolExecutor$Worker.run(ThreadPoolExecutor.java:642)
at java.base/java.lang.Thread.run(Thread.java:1583)
... Removed 14 stack frames]]>
    </failure>
  </testcase> <!-- homeTest -->
</testsuite> <!-- Test -->
