<?xml version="1.0" encoding="UTF-8"?>
<!-- Generated by org.testng.reporters.JUnitXMLReporter -->
<testsuite ignored="0" hostname="Rithesh" failures="1" tests="3" name="Test" time="5.711" errors="0" timestamp="2025-12-31T20:56:38 IST">
  <testcase classname="baseThree.MainclassThree" name="testThree" time="0.079">
    <skipped/>
  </testcase> <!-- testThree -->
  <testcase classname="baseThree.MainclassThree" name="testThree" time="0.02">
    <skipped/>
  </testcase> <!-- testThree -->
  <testcase classname="baseThree.MainclassThree" name="testThree" time="0.018">
    <failure type="java.lang.AssertionError" message="Forcing failure to test retry">
      <![CDATA[java.lang.AssertionError: Forcing failure to test retry
at pages.LoginPageOne.loginpagetwo(LoginPageOne.java:25)
at baseThree.MainclassThree.testThree(MainclassThree.java:24)
at java.base/java.util.ArrayList.forEach(ArrayList.java:1596)
... Removed 26 stack frames]]>
    </failure>
  </testcase> <!-- testThree -->
</testsuite> <!-- Test -->
