<?xml version="1.0" encoding="UTF-8"?>
<testng-results ignored="0" total="1" passed="1" failed="0" skipped="0">
  <reporter-output>
  </reporter-output>
  <suite started-at="2025-12-06T19:23:45 IST" name="Suite" finished-at="2025-12-06T19:24:16 IST" duration-ms="31431">
    <groups>
    </groups>
    <test started-at="2025-12-06T19:23:45 IST" name="Test" finished-at="2025-12-06T19:24:16 IST" duration-ms="31431">
      <class name="basetest.MainClass">
        <test-method is-config="true" signature="setUp()[pri:0, instance:basetest.MainClass@14dd9eb7]" started-at="2025-12-06T19:23:45 IST" name="setUp" finished-at="2025-12-06T19:24:13 IST" duration-ms="28526" status="PASS">
          <reporter-output>
          </reporter-output>
        </test-method> <!-- setUp -->
        <test-method signature="loginTest()[pri:1, instance:basetest.MainClass@14dd9eb7]" started-at="2025-12-06T19:24:13 IST" name="loginTest" finished-at="2025-12-06T19:24:15 IST" duration-ms="2191" status="PASS">
          <reporter-output>
          </reporter-output>
        </test-method> <!-- loginTest -->
        <test-method is-config="true" signature="tearDown()[pri:0, instance:basetest.MainClass@14dd9eb7]" started-at="2025-12-06T19:24:15 IST" name="tearDown" finished-at="2025-12-06T19:24:16 IST" duration-ms="596" status="PASS">
          <reporter-output>
          </reporter-output>
        </test-method> <!-- tearDown -->
      </class> <!-- basetest.MainClass -->
    </test> <!-- Test -->
  </suite> <!-- Suite -->
</testng-results>
