<?xml version="1.0" encoding="UTF-8"?>
<!-- Generated by org.testng.reporters.JUnitReportReporter -->
<testsuite hostname="Rithesh" failures="0" tests="3" name="pages.PrintMultipleTestData" time="0.021" errors="0" timestamp="2026-01-02T11:23:47 IST" skipped="0">
  <testcase classname="pages.PrintMultipleTestData" name="loginTest" time="0.017"/>
  <system-out/>
  <testcase classname="pages.PrintMultipleTestData" name="loginTest" time="0.001"/>
  <system-out/>
  <testcase classname="pages.PrintMultipleTestData" name="loginTest" time="0.003"/>
  <system-out/>
</testsuite> <!-- pages.PrintMultipleTestData -->
