<?xml version="1.0" encoding="UTF-8"?>
<!-- Generated by org.testng.reporters.JUnitReportReporter -->
<testsuite hostname="Rithesh" failures="1" tests="5" name="basetest.MainClass3" time="2.696" errors="0" timestamp="2025-12-07T15:31:03 IST" skipped="3">
  <testcase classname="basetest.MainClass3" name="loginTest" time="2.671"/>
  <system-out/>
  <testcase classname="basetest.MainClass3" name="homeTest" time="0.009">
    <failure message="expected [true] but found [false]" type="java.lang.AssertionError">
      <![CDATA[java.lang.AssertionError: expected [true] but found [false]
at org.testng.Assert.fail(Assert.java:99)
at org.testng.Assert.failNotEquals(Assert.java:1037)
at org.testng.Assert.assertTrue(Assert.java:45)
at org.testng.Assert.assertTrue(Assert.java:55)
at pages.HomePage.homepage(HomePage.java:9)
at basetest.MainClass3.homeTest(MainClass3.java:37)
at java.base/jdk.internal.reflect.DirectMethodHandleAccessor.invoke(DirectMethodHandleAccessor.java:103)
at java.base/java.lang.reflect.Method.invoke(Method.java:580)
at org.testng.internal.MethodInvocationHelper.invokeMethod(MethodInvocationHelper.java:133)
at org.testng.internal.TestInvoker.invokeMethod(TestInvoker.java:598)
at org.testng.internal.TestInvoker.retryFailed(TestInvoker.java:213)
at org.testng.internal.MethodRunner.runInSequence(MethodRunner.java:58)
at org.testng.internal.TestInvoker$MethodInvocationAgent.invoke(TestInvoker.java:824)
at org.testng.internal.TestInvoker.invokeTestMethods(TestInvoker.java:146)
at org.testng.internal.TestMethodWorker.invokeTestMethods(TestMethodWorker.java:146)
at org.testng.internal.TestMethodWorker.run(TestMethodWorker.java:128)
at java.base/java.util.concurrent.ThreadPoolExecutor.runWorker(ThreadPoolExecutor.java:1144)
at java.base/java.util.concurrent.ThreadPoolExecutor$Worker.run(ThreadPoolExecutor.java:642)
at java.base/java.lang.Thread.run(Thread.java:1583)
]]>
    </failure>
  </testcase> <!-- homeTest -->
  <system-out/>
  <testcase classname="basetest.MainClass3" name="homeTest" time="0.002">
    <skipped/>
  </testcase> <!-- homeTest -->
  <system-out/>
  <testcase classname="basetest.MainClass3" name="homeTest" time="0.011">
    <skipped/>
  </testcase> <!-- homeTest -->
  <system-out/>
  <testcase classname="basetest.MainClass3" name="homeTest" time="0.003">
    <skipped/>
  </testcase> <!-- homeTest -->
  <system-out/>
</testsuite> <!-- basetest.MainClass3 -->
