<?xml version="1.0" encoding="UTF-8"?>
<!-- Generated by org.testng.reporters.JUnitReportReporter -->
<testsuite hostname="Rithesh" failures="0" tests="2" name="utilstwo.Mainclassforlogindata" time="0.017" errors="0" timestamp="2026-01-03T11:11:58 IST" skipped="0">
  <testcase classname="utilstwo.Mainclassforlogindata" name="maintest" time="0.015"/>
  <system-out/>
  <testcase classname="utilstwo.Mainclassforlogindata" name="maintest" time="0.002"/>
  <system-out/>
</testsuite> <!-- utilstwo.Mainclassforlogindata -->
